0 info it worked if it ends with ok
1 verbose cli [ '/usr/bin/node',
1 verbose cli   '/usr/bin/npm',
1 verbose cli   'install',
1 verbose cli   'mysql-community-server',
1 verbose cli   'mysql',
1 verbose cli   'mysql-libs',
1 verbose cli   'mysql-devel',
1 verbose cli   'mysql-server' ]
2 info using npm@3.5.2
3 info using node@v8.10.0
4 silly loadCurrentTree Starting
5 silly install loadCurrentTree
6 silly install readLocalPackageData
7 silly fetchPackageMetaData mysql-community-server
8 silly fetchPackageMetaData mysql@^2.17.1
9 silly fetchPackageMetaData mysql-libs
10 silly fetchPackageMetaData mysql-devel
11 silly fetchPackageMetaData mysql-server
12 silly fetchNamedPackageData mysql
13 silly mapToRegistry name mysql
14 silly mapToRegistry using default registry
15 silly mapToRegistry registry https://registry.npmjs.org/
16 silly mapToRegistry uri https://registry.npmjs.org/mysql
17 silly fetchNamedPackageData mysql-community-server
18 silly mapToRegistry name mysql-community-server
19 silly mapToRegistry using default registry
20 silly mapToRegistry registry https://registry.npmjs.org/
21 silly mapToRegistry uri https://registry.npmjs.org/mysql-community-server
22 silly fetchNamedPackageData mysql-libs
23 silly mapToRegistry name mysql-libs
24 silly mapToRegistry using default registry
25 silly mapToRegistry registry https://registry.npmjs.org/
26 silly mapToRegistry uri https://registry.npmjs.org/mysql-libs
27 silly fetchNamedPackageData mysql-devel
28 silly mapToRegistry name mysql-devel
29 silly mapToRegistry using default registry
30 silly mapToRegistry registry https://registry.npmjs.org/
31 silly mapToRegistry uri https://registry.npmjs.org/mysql-devel
32 silly fetchNamedPackageData mysql-server
33 silly mapToRegistry name mysql-server
34 silly mapToRegistry using default registry
35 silly mapToRegistry registry https://registry.npmjs.org/
36 silly mapToRegistry uri https://registry.npmjs.org/mysql-server
37 verbose request uri https://registry.npmjs.org/mysql-community-server
38 verbose request no auth needed
39 info attempt registry request try #1 at 2:51:01 AM
40 verbose request id 8fc89bdff74bea8d
41 http request GET https://registry.npmjs.org/mysql-community-server
42 verbose request uri https://registry.npmjs.org/mysql-libs
43 verbose request no auth needed
44 info attempt registry request try #1 at 2:51:01 AM
45 http request GET https://registry.npmjs.org/mysql-libs
46 verbose request uri https://registry.npmjs.org/mysql-devel
47 verbose request no auth needed
48 info attempt registry request try #1 at 2:51:01 AM
49 http request GET https://registry.npmjs.org/mysql-devel
50 verbose request uri https://registry.npmjs.org/mysql-server
51 verbose request no auth needed
52 info attempt registry request try #1 at 2:51:01 AM
53 http request GET https://registry.npmjs.org/mysql-server
54 verbose request uri https://registry.npmjs.org/mysql
55 verbose request no auth needed
56 info attempt registry request try #1 at 2:51:01 AM
57 verbose etag W/"d4117039090af5d5bcc5f5ff29af2a5f"
58 verbose lastModified Mon, 01 Jul 2019 21:49:07 GMT
59 http request GET https://registry.npmjs.org/mysql
60 http 304 https://registry.npmjs.org/mysql
61 verbose headers { date: 'Fri, 09 Aug 2019 17:51:01 GMT',
61 verbose headers   connection: 'keep-alive',
61 verbose headers   'set-cookie':
61 verbose headers    [ '__cfduid=defc90bf9d8849ecc36db07ce37b2b27f1565373061; expires=Sat, 08-Aug-20 17:51:01 GMT; path=/; domain=.npmjs.org; HttpOnly' ],
61 verbose headers   'cf-cache-status': 'HIT',
61 verbose headers   'cache-control': 'max-age=300',
61 verbose headers   'cf-ray': '503b93601ec2a1d7-ICN',
61 verbose headers   age: '7041',
61 verbose headers   etag: '"d4117039090af5d5bcc5f5ff29af2a5f"',
61 verbose headers   'expect-ct': 'max-age=604800, report-uri="https://report-uri.cloudflare.com/cdn-cgi/beacon/expect-ct"',
61 verbose headers   'last-modified': 'Mon, 01 Jul 2019 21:49:07 GMT',
61 verbose headers   vary: 'accept-encoding, accept',
61 verbose headers   'x-amz-meta-rev': '710-d827a1842b46a94c2f435c4766eeeade',
61 verbose headers   server: 'cloudflare' }
62 silly get cb [ 304,
62 silly get   { date: 'Fri, 09 Aug 2019 17:51:01 GMT',
62 silly get     connection: 'keep-alive',
62 silly get     'set-cookie':
62 silly get      [ '__cfduid=defc90bf9d8849ecc36db07ce37b2b27f1565373061; expires=Sat, 08-Aug-20 17:51:01 GMT; path=/; domain=.npmjs.org; HttpOnly' ],
62 silly get     'cf-cache-status': 'HIT',
62 silly get     'cache-control': 'max-age=300',
62 silly get     'cf-ray': '503b93601ec2a1d7-ICN',
62 silly get     age: '7041',
62 silly get     etag: '"d4117039090af5d5bcc5f5ff29af2a5f"',
62 silly get     'expect-ct': 'max-age=604800, report-uri="https://report-uri.cloudflare.com/cdn-cgi/beacon/expect-ct"',
62 silly get     'last-modified': 'Mon, 01 Jul 2019 21:49:07 GMT',
62 silly get     vary: 'accept-encoding, accept',
62 silly get     'x-amz-meta-rev': '710-d827a1842b46a94c2f435c4766eeeade',
62 silly get     server: 'cloudflare' } ]
63 verbose etag https://registry.npmjs.org/mysql from cache
64 verbose get saving mysql to /home/ubuntu/.npm/registry.npmjs.org/mysql/.cache.json
65 http 404 https://registry.npmjs.org/mysql-devel
66 verbose headers { date: 'Fri, 09 Aug 2019 17:51:01 GMT',
66 verbose headers   'content-type': 'application/json',
66 verbose headers   'content-length': '21',
66 verbose headers   connection: 'keep-alive',
66 verbose headers   'set-cookie':
66 verbose headers    [ '__cfduid=defdde66565c3a22183cb8b07ee02287c1565373061; expires=Sat, 08-Aug-20 17:51:01 GMT; path=/; domain=.npmjs.org; HttpOnly' ],
66 verbose headers   'cf-cache-status': 'MISS',
66 verbose headers   'cache-control': 'max-age=300',
66 verbose headers   'cf-ray': '503b93600c8b3a2e-ICN',
66 verbose headers   'expect-ct': 'max-age=604800, report-uri="https://report-uri.cloudflare.com/cdn-cgi/beacon/expect-ct"',
66 verbose headers   vary: 'accept-encoding, accept',
66 verbose headers   server: 'cloudflare' }
67 silly get cb [ 404,
67 silly get   { date: 'Fri, 09 Aug 2019 17:51:01 GMT',
67 silly get     'content-type': 'application/json',
67 silly get     'content-length': '21',
67 silly get     connection: 'keep-alive',
67 silly get     'set-cookie':
67 silly get      [ '__cfduid=defdde66565c3a22183cb8b07ee02287c1565373061; expires=Sat, 08-Aug-20 17:51:01 GMT; path=/; domain=.npmjs.org; HttpOnly' ],
67 silly get     'cf-cache-status': 'MISS',
67 silly get     'cache-control': 'max-age=300',
67 silly get     'cf-ray': '503b93600c8b3a2e-ICN',
67 silly get     'expect-ct': 'max-age=604800, report-uri="https://report-uri.cloudflare.com/cdn-cgi/beacon/expect-ct"',
67 silly get     vary: 'accept-encoding, accept',
67 silly get     server: 'cloudflare' } ]
68 silly fetchPackageMetaData Error: Not found : mysql-devel
68 silly fetchPackageMetaData     at makeError (/usr/share/npm/node_modules/npm-registry-client/lib/request.js:264:12)
68 silly fetchPackageMetaData     at CachingRegistryClient.<anonymous> (/usr/share/npm/node_modules/npm-registry-client/lib/request.js:252:14)
68 silly fetchPackageMetaData     at Request._callback (/usr/share/npm/node_modules/npm-registry-client/lib/request.js:172:14)
68 silly fetchPackageMetaData     at Request.self.callback (/usr/share/npm/node_modules/request/request.js:198:22)
68 silly fetchPackageMetaData     at emitTwo (events.js:126:13)
68 silly fetchPackageMetaData     at Request.emit (events.js:214:7)
68 silly fetchPackageMetaData     at Request.<anonymous> (/usr/share/npm/node_modules/request/request.js:1082:10)
68 silly fetchPackageMetaData     at emitOne (events.js:121:20)
68 silly fetchPackageMetaData     at Request.emit (events.js:211:7)
68 silly fetchPackageMetaData     at IncomingMessage.<anonymous> (/usr/share/npm/node_modules/request/request.js:1009:12)
68 silly fetchPackageMetaData  error for mysql-devel { Error: Not found : mysql-devel
68 silly fetchPackageMetaData     at makeError (/usr/share/npm/node_modules/npm-registry-client/lib/request.js:264:12)
68 silly fetchPackageMetaData     at CachingRegistryClient.<anonymous> (/usr/share/npm/node_modules/npm-registry-client/lib/request.js:252:14)
68 silly fetchPackageMetaData     at Request._callback (/usr/share/npm/node_modules/npm-registry-client/lib/request.js:172:14)
68 silly fetchPackageMetaData     at Request.self.callback (/usr/share/npm/node_modules/request/request.js:198:22)
68 silly fetchPackageMetaData     at emitTwo (events.js:126:13)
68 silly fetchPackageMetaData     at Request.emit (events.js:214:7)
68 silly fetchPackageMetaData     at Request.<anonymous> (/usr/share/npm/node_modules/request/request.js:1082:10)
68 silly fetchPackageMetaData     at emitOne (events.js:121:20)
68 silly fetchPackageMetaData     at Request.emit (events.js:211:7)
68 silly fetchPackageMetaData     at IncomingMessage.<anonymous> (/usr/share/npm/node_modules/request/request.js:1009:12) pkgid: 'mysql-devel', statusCode: 404, code: 'E404' }
69 http 200 https://registry.npmjs.org/mysql-server
70 verbose headers { date: 'Fri, 09 Aug 2019 17:51:01 GMT',
70 verbose headers   'content-type': 'application/json; charset=UTF-8',
70 verbose headers   'transfer-encoding': 'chunked',
70 verbose headers   connection: 'keep-alive',
70 verbose headers   'set-cookie':
70 verbose headers    [ '__cfduid=d18b774629eb4c049494d760bd6a80b771565373061; expires=Sat, 08-Aug-20 17:51:01 GMT; path=/; domain=.npmjs.org; HttpOnly' ],
70 verbose headers   'cf-cache-status': 'REVALIDATED',
70 verbose headers   'cache-control': 'max-age=300',
70 verbose headers   'cf-ray': '503b936008b5a134-ICN',
70 verbose headers   etag: 'W/"51f90896f3d060d6ff51b3bdd0a3233e"',
70 verbose headers   'expect-ct': 'max-age=604800, report-uri="https://report-uri.cloudflare.com/cdn-cgi/beacon/expect-ct"',
70 verbose headers   'last-modified': 'Sun, 27 May 2018 08:58:19 GMT',
70 verbose headers   vary: 'accept-encoding, accept',
70 verbose headers   server: 'cloudflare',
70 verbose headers   'content-encoding': 'gzip' }
71 silly get cb [ 200,
71 silly get   { date: 'Fri, 09 Aug 2019 17:51:01 GMT',
71 silly get     'content-type': 'application/json; charset=UTF-8',
71 silly get     'transfer-encoding': 'chunked',
71 silly get     connection: 'keep-alive',
71 silly get     'set-cookie':
71 silly get      [ '__cfduid=d18b774629eb4c049494d760bd6a80b771565373061; expires=Sat, 08-Aug-20 17:51:01 GMT; path=/; domain=.npmjs.org; HttpOnly' ],
71 silly get     'cf-cache-status': 'REVALIDATED',
71 silly get     'cache-control': 'max-age=300',
71 silly get     'cf-ray': '503b936008b5a134-ICN',
71 silly get     etag: 'W/"51f90896f3d060d6ff51b3bdd0a3233e"',
71 silly get     'expect-ct': 'max-age=604800, report-uri="https://report-uri.cloudflare.com/cdn-cgi/beacon/expect-ct"',
71 silly get     'last-modified': 'Sun, 27 May 2018 08:58:19 GMT',
71 silly get     vary: 'accept-encoding, accept',
71 silly get     server: 'cloudflare',
71 silly get     'content-encoding': 'gzip' } ]
72 verbose get saving mysql-server to /home/ubuntu/.npm/registry.npmjs.org/mysql-server/.cache.json
73 http 404 https://registry.npmjs.org/mysql-community-server
74 verbose headers { date: 'Fri, 09 Aug 2019 17:51:01 GMT',
74 verbose headers   'content-type': 'application/json',
74 verbose headers   'content-length': '21',
74 verbose headers   connection: 'keep-alive',
74 verbose headers   'set-cookie':
74 verbose headers    [ '__cfduid=d9f64484a97c8b02fb8f1a9ab554f2f141565373061; expires=Sat, 08-Aug-20 17:51:01 GMT; path=/; domain=.npmjs.org; HttpOnly' ],
74 verbose headers   'cf-cache-status': 'MISS',
74 verbose headers   'cache-control': 'max-age=300',
74 verbose headers   'cf-ray': '503b93600c0da14c-ICN',
74 verbose headers   'expect-ct': 'max-age=604800, report-uri="https://report-uri.cloudflare.com/cdn-cgi/beacon/expect-ct"',
74 verbose headers   vary: 'accept-encoding, accept',
74 verbose headers   server: 'cloudflare' }
75 silly get cb [ 404,
75 silly get   { date: 'Fri, 09 Aug 2019 17:51:01 GMT',
75 silly get     'content-type': 'application/json',
75 silly get     'content-length': '21',
75 silly get     connection: 'keep-alive',
75 silly get     'set-cookie':
75 silly get      [ '__cfduid=d9f64484a97c8b02fb8f1a9ab554f2f141565373061; expires=Sat, 08-Aug-20 17:51:01 GMT; path=/; domain=.npmjs.org; HttpOnly' ],
75 silly get     'cf-cache-status': 'MISS',
75 silly get     'cache-control': 'max-age=300',
75 silly get     'cf-ray': '503b93600c0da14c-ICN',
75 silly get     'expect-ct': 'max-age=604800, report-uri="https://report-uri.cloudflare.com/cdn-cgi/beacon/expect-ct"',
75 silly get     vary: 'accept-encoding, accept',
75 silly get     server: 'cloudflare' } ]
76 silly fetchPackageMetaData Error: Not found : mysql-community-server
76 silly fetchPackageMetaData     at makeError (/usr/share/npm/node_modules/npm-registry-client/lib/request.js:264:12)
76 silly fetchPackageMetaData     at CachingRegistryClient.<anonymous> (/usr/share/npm/node_modules/npm-registry-client/lib/request.js:252:14)
76 silly fetchPackageMetaData     at Request._callback (/usr/share/npm/node_modules/npm-registry-client/lib/request.js:172:14)
76 silly fetchPackageMetaData     at Request.self.callback (/usr/share/npm/node_modules/request/request.js:198:22)
76 silly fetchPackageMetaData     at emitTwo (events.js:126:13)
76 silly fetchPackageMetaData     at Request.emit (events.js:214:7)
76 silly fetchPackageMetaData     at Request.<anonymous> (/usr/share/npm/node_modules/request/request.js:1082:10)
76 silly fetchPackageMetaData     at emitOne (events.js:121:20)
76 silly fetchPackageMetaData     at Request.emit (events.js:211:7)
76 silly fetchPackageMetaData     at IncomingMessage.<anonymous> (/usr/share/npm/node_modules/request/request.js:1009:12)
76 silly fetchPackageMetaData  error for mysql-community-server { Error: Not found : mysql-community-server
76 silly fetchPackageMetaData     at makeError (/usr/share/npm/node_modules/npm-registry-client/lib/request.js:264:12)
76 silly fetchPackageMetaData     at CachingRegistryClient.<anonymous> (/usr/share/npm/node_modules/npm-registry-client/lib/request.js:252:14)
76 silly fetchPackageMetaData     at Request._callback (/usr/share/npm/node_modules/npm-registry-client/lib/request.js:172:14)
76 silly fetchPackageMetaData     at Request.self.callback (/usr/share/npm/node_modules/request/request.js:198:22)
76 silly fetchPackageMetaData     at emitTwo (events.js:126:13)
76 silly fetchPackageMetaData     at Request.emit (events.js:214:7)
76 silly fetchPackageMetaData     at Request.<anonymous> (/usr/share/npm/node_modules/request/request.js:1082:10)
76 silly fetchPackageMetaData     at emitOne (events.js:121:20)
76 silly fetchPackageMetaData     at Request.emit (events.js:211:7)
76 silly fetchPackageMetaData     at IncomingMessage.<anonymous> (/usr/share/npm/node_modules/request/request.js:1009:12)
76 silly fetchPackageMetaData   pkgid: 'mysql-community-server',
76 silly fetchPackageMetaData   statusCode: 404,
76 silly fetchPackageMetaData   code: 'E404' }
77 http 404 https://registry.npmjs.org/mysql-libs
78 verbose headers { date: 'Fri, 09 Aug 2019 17:51:01 GMT',
78 verbose headers   'content-type': 'application/json',
78 verbose headers   'content-length': '21',
78 verbose headers   connection: 'keep-alive',
78 verbose headers   'set-cookie':
78 verbose headers    [ '__cfduid=d8dc39e0548cebe19039d7ee05bbf7a5e1565373061; expires=Sat, 08-Aug-20 17:51:01 GMT; path=/; domain=.npmjs.org; HttpOnly' ],
78 verbose headers   'cf-cache-status': 'MISS',
78 verbose headers   'cache-control': 'max-age=300',
78 verbose headers   'cf-ray': '503b93600be5a23d-ICN',
78 verbose headers   'expect-ct': 'max-age=604800, report-uri="https://report-uri.cloudflare.com/cdn-cgi/beacon/expect-ct"',
78 verbose headers   vary: 'accept-encoding, accept',
78 verbose headers   server: 'cloudflare' }
79 silly get cb [ 404,
79 silly get   { date: 'Fri, 09 Aug 2019 17:51:01 GMT',
79 silly get     'content-type': 'application/json',
79 silly get     'content-length': '21',
79 silly get     connection: 'keep-alive',
79 silly get     'set-cookie':
79 silly get      [ '__cfduid=d8dc39e0548cebe19039d7ee05bbf7a5e1565373061; expires=Sat, 08-Aug-20 17:51:01 GMT; path=/; domain=.npmjs.org; HttpOnly' ],
79 silly get     'cf-cache-status': 'MISS',
79 silly get     'cache-control': 'max-age=300',
79 silly get     'cf-ray': '503b93600be5a23d-ICN',
79 silly get     'expect-ct': 'max-age=604800, report-uri="https://report-uri.cloudflare.com/cdn-cgi/beacon/expect-ct"',
79 silly get     vary: 'accept-encoding, accept',
79 silly get     server: 'cloudflare' } ]
80 silly fetchPackageMetaData Error: Not found : mysql-libs
80 silly fetchPackageMetaData     at makeError (/usr/share/npm/node_modules/npm-registry-client/lib/request.js:264:12)
80 silly fetchPackageMetaData     at CachingRegistryClient.<anonymous> (/usr/share/npm/node_modules/npm-registry-client/lib/request.js:252:14)
80 silly fetchPackageMetaData     at Request._callback (/usr/share/npm/node_modules/npm-registry-client/lib/request.js:172:14)
80 silly fetchPackageMetaData     at Request.self.callback (/usr/share/npm/node_modules/request/request.js:198:22)
80 silly fetchPackageMetaData     at emitTwo (events.js:126:13)
80 silly fetchPackageMetaData     at Request.emit (events.js:214:7)
80 silly fetchPackageMetaData     at Request.<anonymous> (/usr/share/npm/node_modules/request/request.js:1082:10)
80 silly fetchPackageMetaData     at emitOne (events.js:121:20)
80 silly fetchPackageMetaData     at Request.emit (events.js:211:7)
80 silly fetchPackageMetaData     at IncomingMessage.<anonymous> (/usr/share/npm/node_modules/request/request.js:1009:12)
80 silly fetchPackageMetaData  error for mysql-libs { Error: Not found : mysql-libs
80 silly fetchPackageMetaData     at makeError (/usr/share/npm/node_modules/npm-registry-client/lib/request.js:264:12)
80 silly fetchPackageMetaData     at CachingRegistryClient.<anonymous> (/usr/share/npm/node_modules/npm-registry-client/lib/request.js:252:14)
80 silly fetchPackageMetaData     at Request._callback (/usr/share/npm/node_modules/npm-registry-client/lib/request.js:172:14)
80 silly fetchPackageMetaData     at Request.self.callback (/usr/share/npm/node_modules/request/request.js:198:22)
80 silly fetchPackageMetaData     at emitTwo (events.js:126:13)
80 silly fetchPackageMetaData     at Request.emit (events.js:214:7)
80 silly fetchPackageMetaData     at Request.<anonymous> (/usr/share/npm/node_modules/request/request.js:1082:10)
80 silly fetchPackageMetaData     at emitOne (events.js:121:20)
80 silly fetchPackageMetaData     at Request.emit (events.js:211:7)
80 silly fetchPackageMetaData     at IncomingMessage.<anonymous> (/usr/share/npm/node_modules/request/request.js:1009:12) pkgid: 'mysql-libs', statusCode: 404, code: 'E404' }
81 silly rollbackFailedOptional Starting
82 silly rollbackFailedOptional Finishing
83 silly runTopLevelLifecycles Starting
84 silly runTopLevelLifecycles Finishing
85 silly install printInstalled
86 verbose stack Error: Not found : mysql-devel
86 verbose stack     at makeError (/usr/share/npm/node_modules/npm-registry-client/lib/request.js:264:12)
86 verbose stack     at CachingRegistryClient.<anonymous> (/usr/share/npm/node_modules/npm-registry-client/lib/request.js:252:14)
86 verbose stack     at Request._callback (/usr/share/npm/node_modules/npm-registry-client/lib/request.js:172:14)
86 verbose stack     at Request.self.callback (/usr/share/npm/node_modules/request/request.js:198:22)
86 verbose stack     at emitTwo (events.js:126:13)
86 verbose stack     at Request.emit (events.js:214:7)
86 verbose stack     at Request.<anonymous> (/usr/share/npm/node_modules/request/request.js:1082:10)
86 verbose stack     at emitOne (events.js:121:20)
86 verbose stack     at Request.emit (events.js:211:7)
86 verbose stack     at IncomingMessage.<anonymous> (/usr/share/npm/node_modules/request/request.js:1009:12)
87 verbose statusCode 404
88 verbose pkgid mysql-devel
89 verbose cwd /home/ubuntu/node-project/bottom-up
90 error Linux 4.15.0-1044-aws
91 error argv "/usr/bin/node" "/usr/bin/npm" "install" "mysql-community-server" "mysql" "mysql-libs" "mysql-devel" "mysql-server"
92 error node v8.10.0
93 error npm  v3.5.2
94 error code E404
95 error 404 Not found : mysql-devel
96 error 404
97 error 404 'mysql-devel' is not in the npm registry.
98 error 404 You should bug the author to publish it (or use the name yourself!)
99 error 404 Note that you can also install from a
100 error 404 tarball, folder, http url, or git url.
101 verbose exit [ 1, true ]
